<?xml version="1.0" encoding="UTF-8"?>
<!-- Generated by org.testng.reporters.JUnitReportReporter -->
<testsuite hostname="DESKTOP-O1QI7MF" failures="0" tests="1" name="com.testNG.EjemploTestNG" time="0.600" errors="0" timestamp="2022-09-26T20:18:22 COT" skipped="0">
  <testcase classname="com.testNG.EjemploTestNG" name="pruebaInicialTestNG" time="0.600"/>
  <system-out/>
</testsuite> <!-- com.testNG.EjemploTestNG -->
